  main.cpp
C:\Users\AlinaKishchenko\source\repos\Main_project\Main_project\FormSFML.h(31,23): warning C4244: аргумент: преобразование "double" в "float", возможна потеря данных
C:\Users\AlinaKishchenko\source\repos\Main_project\Main_project\FormSFML.h(31,20): warning C4244: аргумент: преобразование "double" в "float", возможна потеря данных
C:\Users\AlinaKishchenko\source\repos\Main_project\Main_project\FormSFML.h(58,23): warning C4244: аргумент: преобразование "double" в "float", возможна потеря данных
C:\Users\AlinaKishchenko\source\repos\Main_project\Main_project\FormSFML.h(58,20): warning C4244: аргумент: преобразование "double" в "float", возможна потеря данных
C:\Users\AlinaKishchenko\source\repos\Main_project\Main_project\FormSFML.h(60,32): warning C4244: аргумент: преобразование "double" в "T", возможна потеря данных
          with
          [
              T=float
          ]
C:\Users\AlinaKishchenko\source\repos\Main_project\Main_project\FormSFML.h(60,25): warning C4244: аргумент: преобразование "double" в "T", возможна потеря данных
          with
          [
              T=float
          ]
C:\Users\AlinaKishchenko\source\repos\Main_project\Main_project\FormSFML.h(61,23): warning C4244: аргумент: преобразование "double" в "float", возможна потеря данных
C:\Users\AlinaKishchenko\source\repos\Main_project\Main_project\FormSFML.h(61,20): warning C4244: аргумент: преобразование "double" в "float", возможна потеря данных
C:\Users\AlinaKishchenko\source\repos\Main_project\Main_project\FormSFML.h(107,23): warning C4244: аргумент: преобразование "double" в "float", возможна потеря данных
C:\Users\AlinaKishchenko\source\repos\Main_project\Main_project\FormSFML.h(107,20): warning C4244: аргумент: преобразование "double" в "float", возможна потеря данных
C:\Users\AlinaKishchenko\source\repos\Main_project\Main_project\FormSFML.h(109,32): warning C4244: аргумент: преобразование "double" в "T", возможна потеря данных
          with
          [
              T=float
          ]
C:\Users\AlinaKishchenko\source\repos\Main_project\Main_project\FormSFML.h(109,25): warning C4244: аргумент: преобразование "double" в "T", возможна потеря данных
          with
          [
              T=float
          ]
C:\Users\AlinaKishchenko\source\repos\Main_project\Main_project\FormSFML.h(110,23): warning C4244: аргумент: преобразование "double" в "float", возможна потеря данных
C:\Users\AlinaKishchenko\source\repos\Main_project\Main_project\FormSFML.h(110,20): warning C4244: аргумент: преобразование "double" в "float", возможна потеря данных
C:\Users\AlinaKishchenko\source\repos\Main_project\Main_project\FormSFML.h(221,41): warning C4244: аргумент: преобразование "int" в "T", возможна потеря данных
          with
          [
              T=float
          ]
C:\Users\AlinaKishchenko\source\repos\Main_project\Main_project\FormSFML.h(222,42): warning C4244: аргумент: преобразование "int" в "T", возможна потеря данных
          with
          [
              T=float
          ]
C:\Users\AlinaKishchenko\source\repos\Main_project\Main_project\FormSFML.h(222,36): warning C4244: аргумент: преобразование "int" в "T", возможна потеря данных
          with
          [
              T=float
          ]
C:\Users\AlinaKishchenko\source\repos\Main_project\Main_project\FormSFML.h(228,40): warning C4244: аргумент: преобразование "int" в "T", возможна потеря данных
          with
          [
              T=float
          ]
C:\Users\AlinaKishchenko\source\repos\Main_project\Main_project\FormSFML.h(248,41): warning C4244: аргумент: преобразование "double" в "float", возможна потеря данных
C:\Users\AlinaKishchenko\source\repos\Main_project\Main_project\FormSFML.h(248,32): warning C4244: аргумент: преобразование "int" в "float", возможна потеря данных
C:\Users\AlinaKishchenko\source\repos\Main_project\Main_project\FormSFML.h(251,46): warning C4244: аргумент: преобразование "int" в "float", возможна потеря данных
C:\Users\AlinaKishchenko\source\repos\Main_project\Main_project\FormSFML.h(251,39): warning C4244: аргумент: преобразование "int" в "float", возможна потеря данных
C:\Users\AlinaKishchenko\source\repos\Main_project\Main_project\FormSFML.h(255,37): warning C4244: аргумент: преобразование "double" в "float", возможна потеря данных
C:\Users\AlinaKishchenko\source\repos\Main_project\Main_project\Population.h(41,42): warning C4267: инициализация: преобразование из "size_t" в "int"; возможна потеря данных
  Создание кода
  Previous IPDB not found, fall back to full compilation.
  All 252 functions were compiled because no usable IPDB/IOBJ from previous compilation was found.
  Создание кода завершено
  Main_project.vcxproj -> C:\Users\AlinaKishchenko\source\repos\Main_project\x64\Release\Main_project.exe
